# JRE version: Java(TM) SE Runtime Environment (8.0-b132) (build 1.8.0-b132)
# Java VM: Java HotSpot(TM) 64-Bit Server VM (25.0-b70 mixed mode windows-amd64 compressed oops)
Heap:
 PSYoungGen      total 98816K, used 19664K [0x00000000eab00000, 0x00000000f2c00000, 0x0000000100000000)
  eden space 70144K, 0% used [0x00000000eab00000,0x00000000eab00000,0x00000000eef80000)
  from space 28672K, 68% used [0x00000000f0d00000,0x00000000f20343f8,0x00000000f2900000)
  to   space 30208K, 0% used [0x00000000eef80000,0x00000000eef80000,0x00000000f0d00000)
 ParOldGen       total 129536K, used 110790K [0x00000000c0000000, 0x00000000c7e80000, 0x00000000eab00000)
  object space 129536K, 85% used [0x00000000c0000000,0x00000000c6c31be8,0x00000000c7e80000)
 Metaspace       used 5884K, capacity 6896K, committed 7040K, reserved 1056768K
  class space    used 593K, capacity 616K, committed 640K, reserved 1048576K
GC Heap History (10 events):
Event: 3.020 GC heap after
Heap after GC invocations=20 (full 0):
 PSYoungGen      total 52224K, used 15343K [0x00000000eab00000, 0x00000000f0380000, 0x0000000100000000)
  eden space 36864K, 0% used [0x00000000eab00000,0x00000000eab00000,0x00000000ecf00000)
  from space 15360K, 99% used [0x00000000ee580000,0x00000000ef47bd60,0x00000000ef480000)
  to   space 23040K, 0% used [0x00000000ecf00000,0x00000000ecf00000,0x00000000ee580000)
 ParOldGen       total 129536K, used 50512K [0x00000000c0000000, 0x00000000c7e80000, 0x00000000eab00000)
  object space 129536K, 38% used [0x00000000c0000000,0x00000000c3154390,0x00000000c7e80000)
 Metaspace       used 5838K, capacity 6896K, committed 7040K, reserved 1056768K
  class space    used 593K, capacity 616K, committed 640K, reserved 1048576K
}
Event: 3.277 GC heap before
{Heap before GC invocations=21 (full 0):
 PSYoungGen      total 52224K, used 52207K [0x00000000eab00000, 0x00000000f0380000, 0x0000000100000000)
  eden space 36864K, 100% used [0x00000000eab00000,0x00000000ecf00000,0x00000000ecf00000)
  from space 15360K, 99% used [0x00000000ee580000,0x00000000ef47bd60,0x00000000ef480000)
  to   space 23040K, 0% used [0x00000000ecf00000,0x00000000ecf00000,0x00000000ee580000)
 ParOldGen       total 129536K, used 50512K [0x00000000c0000000, 0x00000000c7e80000, 0x00000000eab00000)
  object space 129536K, 38% used [0x00000000c0000000,0x00000000c3154390,0x00000000c7e80000)
 Metaspace       used 5849K, capacity 6896K, committed 7040K, reserved 1056768K
  class space    used 593K, capacity 616K, committed 640K, reserved 1048576K
Event: 3.357 GC heap after
Heap after GC invocations=21 (full 0):
 PSYoungGen      total 59904K, used 16036K [0x00000000eab00000, 0x00000000f0d80000, 0x0000000100000000)
  eden space 36864K, 0% used [0x00000000eab00000,0x00000000eab00000,0x00000000ecf00000)
  from space 23040K, 69% used [0x00000000ecf00000,0x00000000edea91d0,0x00000000ee580000)
  to   space 24576K, 0% used [0x00000000ef580000,0x00000000ef580000,0x00000000f0d80000)
 ParOldGen       total 129536K, used 64554K [0x00000000c0000000, 0x00000000c7e80000, 0x00000000eab00000)
  object space 129536K, 49% used [0x00000000c0000000,0x00000000c3f0a9d0,0x00000000c7e80000)
 Metaspace       used 5849K, capacity 6896K, committed 7040K, reserved 1056768K
  class space    used 593K, capacity 616K, committed 640K, reserved 1048576K
}
Event: 3.608 GC heap before
{Heap before GC invocations=22 (full 0):
 PSYoungGen      total 59904K, used 52900K [0x00000000eab00000, 0x00000000f0d80000, 0x0000000100000000)
  eden space 36864K, 100% used [0x00000000eab00000,0x00000000ecf00000,0x00000000ecf00000)
  from space 23040K, 69% used [0x00000000ecf00000,0x00000000edea91d0,0x00000000ee580000)
  to   space 24576K, 0% used [0x00000000ef580000,0x00000000ef580000,0x00000000f0d80000)
 ParOldGen       total 129536K, used 64554K [0x00000000c0000000, 0x00000000c7e80000, 0x00000000eab00000)
  object space 129536K, 49% used [0x00000000c0000000,0x00000000c3f0a9d0,0x00000000c7e80000)
 Metaspace       used 5854K, capacity 6896K, committed 7040K, reserved 1056768K
  class space    used 593K, capacity 616K, committed 640K, reserved 1048576K
Event: 3.663 GC heap after
Heap after GC invocations=22 (full 0):
 PSYoungGen      total 75776K, used 14686K [0x00000000eab00000, 0x00000000f0e80000, 0x0000000100000000)
  eden space 51200K, 0% used [0x00000000eab00000,0x00000000eab00000,0x00000000edd00000)
  from space 24576K, 59% used [0x00000000ef580000,0x00000000f03d7a78,0x00000000f0d80000)
  to   space 25088K, 0% used [0x00000000edd00000,0x00000000edd00000,0x00000000ef580000)
 ParOldGen       total 129536K, used 77369K [0x00000000c0000000, 0x00000000c7e80000, 0x00000000eab00000)
  object space 129536K, 59% used [0x00000000c0000000,0x00000000c4b8e678,0x00000000c7e80000)
 Metaspace       used 5854K, capacity 6896K, committed 7040K, reserved 1056768K
  class space    used 593K, capacity 616K, committed 640K, reserved 1048576K
}
Event: 3.967 GC heap before
{Heap before GC invocations=23 (full 0):
 PSYoungGen      total 75776K, used 65886K [0x00000000eab00000, 0x00000000f0e80000, 0x0000000100000000)
  eden space 51200K, 100% used [0x00000000eab00000,0x00000000edd00000,0x00000000edd00000)
  from space 24576K, 59% used [0x00000000ef580000,0x00000000f03d7a78,0x00000000f0d80000)
  to   space 25088K, 0% used [0x00000000edd00000,0x00000000edd00000,0x00000000ef580000)
 ParOldGen       total 129536K, used 77369K [0x00000000c0000000, 0x00000000c7e80000, 0x00000000eab00000)
  object space 129536K, 59% used [0x00000000c0000000,0x00000000c4b8e678,0x00000000c7e80000)
 Metaspace       used 5872K, capacity 6896K, committed 7040K, reserved 1056768K
  class space    used 593K, capacity 616K, committed 640K, reserved 1048576K
Event: 4.006 GC heap after
Heap after GC invocations=23 (full 0):
 PSYoungGen      total 76288K, used 22647K [0x00000000eab00000, 0x00000000f2900000, 0x0000000100000000)
  eden space 51200K, 0% used [0x00000000eab00000,0x00000000eab00000,0x00000000edd00000)
  from space 25088K, 90% used [0x00000000edd00000,0x00000000ef31dfa8,0x00000000ef580000)
  to   space 28672K, 0% used [0x00000000f0d00000,0x00000000f0d00000,0x00000000f2900000)
 ParOldGen       total 129536K, used 89339K [0x00000000c0000000, 0x00000000c7e80000, 0x00000000eab00000)
  object space 129536K, 68% used [0x00000000c0000000,0x00000000c573edb0,0x00000000c7e80000)
 Metaspace       used 5872K, capacity 6896K, committed 7040K, reserved 1056768K
  class space    used 593K, capacity 616K, committed 640K, reserved 1048576K
}
Event: 4.232 GC heap before
{Heap before GC invocations=24 (full 0):
 PSYoungGen      total 76288K, used 73847K [0x00000000eab00000, 0x00000000f2900000, 0x0000000100000000)
  eden space 51200K, 100% used [0x00000000eab00000,0x00000000edd00000,0x00000000edd00000)
  from space 25088K, 90% used [0x00000000edd00000,0x00000000ef31dfa8,0x00000000ef580000)
  to   space 28672K, 0% used [0x00000000f0d00000,0x00000000f0d00000,0x00000000f2900000)
 ParOldGen       total 129536K, used 89339K [0x00000000c0000000, 0x00000000c7e80000, 0x00000000eab00000)
  object space 129536K, 68% used [0x00000000c0000000,0x00000000c573edb0,0x00000000c7e80000)
 Metaspace       used 5884K, capacity 6896K, committed 7040K, reserved 1056768K
  class space    used 593K, capacity 616K, committed 640K, reserved 1048576K
Event: 4.298 GC heap after
Heap after GC invocations=24 (full 0):
 PSYoungGen      total 98816K, used 19664K [0x00000000eab00000, 0x00000000f2c00000, 0x0000000100000000)
  eden space 70144K, 0% used [0x00000000eab00000,0x00000000eab00000,0x00000000eef80000)
  from space 28672K, 68% used [0x00000000f0d00000,0x00000000f20343f8,0x00000000f2900000)
  to   space 30208K, 0% used [0x00000000eef80000,0x00000000eef80000,0x00000000f0d00000)
 ParOldGen       total 129536K, used 110790K [0x00000000c0000000, 0x00000000c7e80000, 0x00000000eab00000)
  object space 129536K, 85% used [0x00000000c0000000,0x00000000c6c31be8,0x00000000c7e80000)
 Metaspace       used 5884K, capacity 6896K, committed 7040K, reserved 1056768K
  class space    used 593K, capacity 616K, committed 640K, reserved 1048576K
}
Event: 4.298 GC heap before
{Heap before GC invocations=25 (full 1):
 PSYoungGen      total 98816K, used 19664K [0x00000000eab00000, 0x00000000f2c00000, 0x0000000100000000)
  eden space 70144K, 0% used [0x00000000eab00000,0x00000000eab00000,0x00000000eef80000)
  from space 28672K, 68% used [0x00000000f0d00000,0x00000000f20343f8,0x00000000f2900000)
  to   space 30208K, 0% used [0x00000000eef80000,0x00000000eef80000,0x00000000f0d00000)
 ParOldGen       total 129536K, used 110790K [0x00000000c0000000, 0x00000000c7e80000, 0x00000000eab00000)
  object space 129536K, 85% used [0x00000000c0000000,0x00000000c6c31be8,0x00000000c7e80000)
 Metaspace       used 5884K, capacity 6896K, committed 7040K, reserved 1056768K
  class space    used 593K, capacity 616K, committed 640K, reserved 1048576K

