# JRE version: Java(TM) SE Runtime Environment (8.0-b132) (build 1.8.0-b132)
# Java VM: Java HotSpot(TM) 64-Bit Server VM (25.0-b70 mixed mode windows-amd64 compressed oops)
Heap:
 PSYoungGen      total 89088K, used 24136K [0x00000000eab00000, 0x00000000f2000000, 0x0000000100000000)
  eden space 64512K, 7% used [0x00000000eab00000,0x00000000eafb3ca8,0x00000000eea00000)
  from space 24576K, 78% used [0x00000000f0400000,0x00000000f16de640,0x00000000f1c00000)
  to   space 26624K, 0% used [0x00000000eea00000,0x00000000eea00000,0x00000000f0400000)
 ParOldGen       total 129536K, used 79783K [0x00000000c0000000, 0x00000000c7e80000, 0x00000000eab00000)
  object space 129536K, 61% used [0x00000000c0000000,0x00000000c4de9cc8,0x00000000c7e80000)
 Metaspace       used 5859K, capacity 6896K, committed 7040K, reserved 1056768K
  class space    used 595K, capacity 616K, committed 640K, reserved 1048576K
GC Heap History (10 events):
Event: 4.350 GC heap before
{Heap before GC invocations=22 (full 0):
 PSYoungGen      total 38400K, used 38376K [0x00000000eab00000, 0x00000000eea80000, 0x0000000100000000)
  eden space 27136K, 100% used [0x00000000eab00000,0x00000000ec580000,0x00000000ec580000)
  from space 11264K, 99% used [0x00000000ec580000,0x00000000ed07a2e0,0x00000000ed080000)
  to   space 13312K, 0% used [0x00000000edd80000,0x00000000edd80000,0x00000000eea80000)
 ParOldGen       total 129536K, used 42716K [0x00000000c0000000, 0x00000000c7e80000, 0x00000000eab00000)
  object space 129536K, 32% used [0x00000000c0000000,0x00000000c29b7040,0x00000000c7e80000)
 Metaspace       used 5771K, capacity 6832K, committed 7040K, reserved 1056768K
  class space    used 588K, capacity 616K, committed 640K, reserved 1048576K
Event: 4.405 GC heap after
Heap after GC invocations=22 (full 0):
 PSYoungGen      total 50176K, used 11494K [0x00000000eab00000, 0x00000000eed80000, 0x0000000100000000)
  eden space 36864K, 0% used [0x00000000eab00000,0x00000000eab00000,0x00000000ecf00000)
  from space 13312K, 86% used [0x00000000edd80000,0x00000000ee8b99f8,0x00000000eea80000)
  to   space 14848K, 0% used [0x00000000ecf00000,0x00000000ecf00000,0x00000000edd80000)
 ParOldGen       total 129536K, used 52449K [0x00000000c0000000, 0x00000000c7e80000, 0x00000000eab00000)
  object space 129536K, 40% used [0x00000000c0000000,0x00000000c3338740,0x00000000c7e80000)
 Metaspace       used 5771K, capacity 6832K, committed 7040K, reserved 1056768K
  class space    used 588K, capacity 616K, committed 640K, reserved 1048576K
}
Event: 4.576 GC heap before
{Heap before GC invocations=23 (full 0):
 PSYoungGen      total 50176K, used 48358K [0x00000000eab00000, 0x00000000eed80000, 0x0000000100000000)
  eden space 36864K, 100% used [0x00000000eab00000,0x00000000ecf00000,0x00000000ecf00000)
  from space 13312K, 86% used [0x00000000edd80000,0x00000000ee8b99f8,0x00000000eea80000)
  to   space 14848K, 0% used [0x00000000ecf00000,0x00000000ecf00000,0x00000000edd80000)
 ParOldGen       total 129536K, used 52449K [0x00000000c0000000, 0x00000000c7e80000, 0x00000000eab00000)
  object space 129536K, 40% used [0x00000000c0000000,0x00000000c3338740,0x00000000c7e80000)
 Metaspace       used 5787K, capacity 6832K, committed 7040K, reserved 1056768K
  class space    used 588K, capacity 616K, committed 640K, reserved 1048576K
Event: 4.607 GC heap after
Heap after GC invocations=23 (full 0):
 PSYoungGen      total 51712K, used 14458K [0x00000000eab00000, 0x00000000eff80000, 0x0000000100000000)
  eden space 36864K, 0% used [0x00000000eab00000,0x00000000eab00000,0x00000000ecf00000)
  from space 14848K, 97% used [0x00000000ecf00000,0x00000000edd1e9d8,0x00000000edd80000)
  to   space 17408K, 0% used [0x00000000eee80000,0x00000000eee80000,0x00000000eff80000)
 ParOldGen       total 129536K, used 63278K [0x00000000c0000000, 0x00000000c7e80000, 0x00000000eab00000)
  object space 129536K, 48% used [0x00000000c0000000,0x00000000c3dcb980,0x00000000c7e80000)
 Metaspace       used 5787K, capacity 6832K, committed 7040K, reserved 1056768K
  class space    used 588K, capacity 616K, committed 640K, reserved 1048576K
}
Event: 5.153 GC heap before
{Heap before GC invocations=24 (full 0):
 PSYoungGen      total 51712K, used 51322K [0x00000000eab00000, 0x00000000eff80000, 0x0000000100000000)
  eden space 36864K, 100% used [0x00000000eab00000,0x00000000ecf00000,0x00000000ecf00000)
  from space 14848K, 97% used [0x00000000ecf00000,0x00000000edd1e9d8,0x00000000edd80000)
  to   space 17408K, 0% used [0x00000000eee80000,0x00000000eee80000,0x00000000eff80000)
 ParOldGen       total 129536K, used 63278K [0x00000000c0000000, 0x00000000c7e80000, 0x00000000eab00000)
  object space 129536K, 48% used [0x00000000c0000000,0x00000000c3dcb980,0x00000000c7e80000)
 Metaspace       used 5816K, capacity 6832K, committed 7040K, reserved 1056768K
  class space    used 591K, capacity 616K, committed 640K, reserved 1048576K
Event: 5.578 GC heap after
Heap after GC invocations=24 (full 0):
 PSYoungGen      total 68608K, used 10975K [0x00000000eab00000, 0x00000000f0080000, 0x0000000100000000)
  eden space 51200K, 0% used [0x00000000eab00000,0x00000000eab00000,0x00000000edd00000)
  from space 17408K, 63% used [0x00000000eee80000,0x00000000ef937f08,0x00000000eff80000)
  to   space 17920K, 0% used [0x00000000edd00000,0x00000000edd00000,0x00000000eee80000)
 ParOldGen       total 129536K, used 65142K [0x00000000c0000000, 0x00000000c7e80000, 0x00000000eab00000)
  object space 129536K, 50% used [0x00000000c0000000,0x00000000c3f9d980,0x00000000c7e80000)
 Metaspace       used 5816K, capacity 6832K, committed 7040K, reserved 1056768K
  class space    used 591K, capacity 616K, committed 640K, reserved 1048576K
}
Event: 5.978 GC heap before
{Heap before GC invocations=25 (full 0):
 PSYoungGen      total 68608K, used 62175K [0x00000000eab00000, 0x00000000f0080000, 0x0000000100000000)
  eden space 51200K, 100% used [0x00000000eab00000,0x00000000edd00000,0x00000000edd00000)
  from space 17408K, 63% used [0x00000000eee80000,0x00000000ef937f08,0x00000000eff80000)
  to   space 17920K, 0% used [0x00000000edd00000,0x00000000edd00000,0x00000000eee80000)
 ParOldGen       total 129536K, used 65142K [0x00000000c0000000, 0x00000000c7e80000, 0x00000000eab00000)
  object space 129536K, 50% used [0x00000000c0000000,0x00000000c3f9d980,0x00000000c7e80000)
 Metaspace       used 5825K, capacity 6832K, committed 7040K, reserved 1056768K
  class space    used 591K, capacity 616K, committed 640K, reserved 1048576K
Event: 6.066 GC heap after
Heap after GC invocations=25 (full 0):
 PSYoungGen      total 69120K, used 17895K [0x00000000eab00000, 0x00000000f1c00000, 0x0000000100000000)
  eden space 51200K, 0% used [0x00000000eab00000,0x00000000eab00000,0x00000000edd00000)
  from space 17920K, 99% used [0x00000000edd00000,0x00000000eee79e28,0x00000000eee80000)
  to   space 24576K, 0% used [0x00000000f0400000,0x00000000f0400000,0x00000000f1c00000)
 ParOldGen       total 129536K, used 74693K [0x00000000c0000000, 0x00000000c7e80000, 0x00000000eab00000)
  object space 129536K, 57% used [0x00000000c0000000,0x00000000c48f1420,0x00000000c7e80000)
 Metaspace       used 5825K, capacity 6832K, committed 7040K, reserved 1056768K
  class space    used 591K, capacity 616K, committed 640K, reserved 1048576K
}
Event: 6.418 GC heap before
{Heap before GC invocations=26 (full 0):
 PSYoungGen      total 69120K, used 69095K [0x00000000eab00000, 0x00000000f1c00000, 0x0000000100000000)
  eden space 51200K, 100% used [0x00000000eab00000,0x00000000edd00000,0x00000000edd00000)
  from space 17920K, 99% used [0x00000000edd00000,0x00000000eee79e28,0x00000000eee80000)
  to   space 24576K, 0% used [0x00000000f0400000,0x00000000f0400000,0x00000000f1c00000)
 ParOldGen       total 129536K, used 74693K [0x00000000c0000000, 0x00000000c7e80000, 0x00000000eab00000)
  object space 129536K, 57% used [0x00000000c0000000,0x00000000c48f1420,0x00000000c7e80000)
 Metaspace       used 5826K, capacity 6896K, committed 7040K, reserved 1056768K
  class space    used 591K, capacity 616K, committed 640K, reserved 1048576K
Event: 6.448 GC heap after
Heap after GC invocations=26 (full 0):
 PSYoungGen      total 89088K, used 19321K [0x00000000eab00000, 0x00000000f2000000, 0x0000000100000000)
  eden space 64512K, 0% used [0x00000000eab00000,0x00000000eab00000,0x00000000eea00000)
  from space 24576K, 78% used [0x00000000f0400000,0x00000000f16de640,0x00000000f1c00000)
  to   space 26624K, 0% used [0x00000000eea00000,0x00000000eea00000,0x00000000f0400000)
 ParOldGen       total 129536K, used 79783K [0x00000000c0000000, 0x00000000c7e80000, 0x00000000eab00000)
  object space 129536K, 61% used [0x00000000c0000000,0x00000000c4de9cc8,0x00000000c7e80000)
 Metaspace       used 5826K, capacity 6896K, committed 7040K, reserved 1056768K
  class space    used 591K, capacity 616K, committed 640K, reserved 1048576K
}

