# JRE version: Java(TM) SE Runtime Environment (8.0-b132) (build 1.8.0-b132)
# Java VM: Java HotSpot(TM) 64-Bit Server VM (25.0-b70 mixed mode windows-amd64 compressed oops)
Heap:
 PSYoungGen      total 90112K, used 83173K [0x00000000eab00000, 0x00000000f1f80000, 0x0000000100000000)
  eden space 65536K, 100% used [0x00000000eab00000,0x00000000eeb00000,0x00000000eeb00000)
  from space 24576K, 71% used [0x00000000f0480000,0x00000000f15b9790,0x00000000f1c80000)
  to   space 26112K, 73% used [0x00000000eeb00000,0x00000000efda10f0,0x00000000f0480000)
 ParOldGen       total 129536K, used 111598K [0x00000000c0000000, 0x00000000c7e80000, 0x00000000eab00000)
  object space 129536K, 86% used [0x00000000c0000000,0x00000000c6cfb8f8,0x00000000c7e80000)
 Metaspace       used 5856K, capacity 6896K, committed 7040K, reserved 1056768K
  class space    used 588K, capacity 616K, committed 640K, reserved 1048576K
GC Heap History (10 events):
Event: 4.437 GC heap after
Heap after GC invocations=20 (full 0):
 PSYoungGen      total 47616K, used 13286K [0x00000000eab00000, 0x00000000ef880000, 0x0000000100000000)
  eden space 34304K, 0% used [0x00000000eab00000,0x00000000eab00000,0x00000000ecc80000)
  from space 13312K, 99% used [0x00000000edf80000,0x00000000eec799c0,0x00000000eec80000)
  to   space 19456K, 0% used [0x00000000ecc80000,0x00000000ecc80000,0x00000000edf80000)
 ParOldGen       total 129536K, used 52764K [0x00000000c0000000, 0x00000000c7e80000, 0x00000000eab00000)
  object space 129536K, 40% used [0x00000000c0000000,0x00000000c33872a8,0x00000000c7e80000)
 Metaspace       used 5759K, capacity 6832K, committed 7040K, reserved 1056768K
  class space    used 588K, capacity 616K, committed 640K, reserved 1048576K
}
Event: 4.729 GC heap before
{Heap before GC invocations=21 (full 0):
 PSYoungGen      total 47616K, used 47590K [0x00000000eab00000, 0x00000000ef880000, 0x0000000100000000)
  eden space 34304K, 100% used [0x00000000eab00000,0x00000000ecc80000,0x00000000ecc80000)
  from space 13312K, 99% used [0x00000000edf80000,0x00000000eec799c0,0x00000000eec80000)
  to   space 19456K, 0% used [0x00000000ecc80000,0x00000000ecc80000,0x00000000edf80000)
 ParOldGen       total 129536K, used 52764K [0x00000000c0000000, 0x00000000c7e80000, 0x00000000eab00000)
  object space 129536K, 40% used [0x00000000c0000000,0x00000000c33872a8,0x00000000c7e80000)
 Metaspace       used 5767K, capacity 6832K, committed 7040K, reserved 1056768K
  class space    used 588K, capacity 616K, committed 640K, reserved 1048576K
Event: 4.770 GC heap after
Heap after GC invocations=21 (full 0):
 PSYoungGen      total 53760K, used 14734K [0x00000000eab00000, 0x00000000f0300000, 0x0000000100000000)
  eden space 34304K, 0% used [0x00000000eab00000,0x00000000eab00000,0x00000000ecc80000)
  from space 19456K, 75% used [0x00000000ecc80000,0x00000000edae3880,0x00000000edf80000)
  to   space 20992K, 0% used [0x00000000eee80000,0x00000000eee80000,0x00000000f0300000)
 ParOldGen       total 129536K, used 64671K [0x00000000c0000000, 0x00000000c7e80000, 0x00000000eab00000)
  object space 129536K, 49% used [0x00000000c0000000,0x00000000c3f27e68,0x00000000c7e80000)
 Metaspace       used 5767K, capacity 6832K, committed 7040K, reserved 1056768K
  class space    used 588K, capacity 616K, committed 640K, reserved 1048576K
}
Event: 4.926 GC heap before
{Heap before GC invocations=22 (full 0):
 PSYoungGen      total 53760K, used 49038K [0x00000000eab00000, 0x00000000f0300000, 0x0000000100000000)
  eden space 34304K, 100% used [0x00000000eab00000,0x00000000ecc80000,0x00000000ecc80000)
  from space 19456K, 75% used [0x00000000ecc80000,0x00000000edae3880,0x00000000edf80000)
  to   space 20992K, 0% used [0x00000000eee80000,0x00000000eee80000,0x00000000f0300000)
 ParOldGen       total 129536K, used 64671K [0x00000000c0000000, 0x00000000c7e80000, 0x00000000eab00000)
  object space 129536K, 49% used [0x00000000c0000000,0x00000000c3f27e68,0x00000000c7e80000)
 Metaspace       used 5774K, capacity 6832K, committed 7040K, reserved 1056768K
  class space    used 588K, capacity 616K, committed 640K, reserved 1048576K
Event: 4.985 GC heap after
Heap after GC invocations=22 (full 0):
 PSYoungGen      total 68608K, used 13003K [0x00000000eab00000, 0x00000000f0400000, 0x0000000100000000)
  eden space 47616K, 0% used [0x00000000eab00000,0x00000000eab00000,0x00000000ed980000)
  from space 20992K, 61% used [0x00000000eee80000,0x00000000efb32f90,0x00000000f0300000)
  to   space 21504K, 0% used [0x00000000ed980000,0x00000000ed980000,0x00000000eee80000)
 ParOldGen       total 129536K, used 78167K [0x00000000c0000000, 0x00000000c7e80000, 0x00000000eab00000)
  object space 129536K, 60% used [0x00000000c0000000,0x00000000c4c55eb0,0x00000000c7e80000)
 Metaspace       used 5774K, capacity 6832K, committed 7040K, reserved 1056768K
  class space    used 588K, capacity 616K, committed 640K, reserved 1048576K
}
Event: 5.326 GC heap before
{Heap before GC invocations=23 (full 0):
 PSYoungGen      total 68608K, used 60619K [0x00000000eab00000, 0x00000000f0400000, 0x0000000100000000)
  eden space 47616K, 100% used [0x00000000eab00000,0x00000000ed980000,0x00000000ed980000)
  from space 20992K, 61% used [0x00000000eee80000,0x00000000efb32f90,0x00000000f0300000)
  to   space 21504K, 0% used [0x00000000ed980000,0x00000000ed980000,0x00000000eee80000)
 ParOldGen       total 129536K, used 78167K [0x00000000c0000000, 0x00000000c7e80000, 0x00000000eab00000)
  object space 129536K, 60% used [0x00000000c0000000,0x00000000c4c55eb0,0x00000000c7e80000)
 Metaspace       used 5785K, capacity 6832K, committed 7040K, reserved 1056768K
  class space    used 588K, capacity 616K, committed 640K, reserved 1048576K
Event: 5.437 GC heap after
Heap after GC invocations=23 (full 0):
 PSYoungGen      total 69120K, used 19471K [0x00000000eab00000, 0x00000000f1c80000, 0x0000000100000000)
  eden space 47616K, 0% used [0x00000000eab00000,0x00000000eab00000,0x00000000ed980000)
  from space 21504K, 90% used [0x00000000ed980000,0x00000000eec83da0,0x00000000eee80000)
  to   space 24576K, 0% used [0x00000000f0480000,0x00000000f0480000,0x00000000f1c80000)
 ParOldGen       total 129536K, used 89475K [0x00000000c0000000, 0x00000000c7e80000, 0x00000000eab00000)
  object space 129536K, 69% used [0x00000000c0000000,0x00000000c5760e48,0x00000000c7e80000)
 Metaspace       used 5785K, capacity 6832K, committed 7040K, reserved 1056768K
  class space    used 588K, capacity 616K, committed 640K, reserved 1048576K
}
Event: 5.958 GC heap before
{Heap before GC invocations=24 (full 0):
 PSYoungGen      total 69120K, used 67087K [0x00000000eab00000, 0x00000000f1c80000, 0x0000000100000000)
  eden space 47616K, 100% used [0x00000000eab00000,0x00000000ed980000,0x00000000ed980000)
  from space 21504K, 90% used [0x00000000ed980000,0x00000000eec83da0,0x00000000eee80000)
  to   space 24576K, 0% used [0x00000000f0480000,0x00000000f0480000,0x00000000f1c80000)
 ParOldGen       total 129536K, used 89475K [0x00000000c0000000, 0x00000000c7e80000, 0x00000000eab00000)
  object space 129536K, 69% used [0x00000000c0000000,0x00000000c5760e48,0x00000000c7e80000)
 Metaspace       used 5798K, capacity 6832K, committed 7040K, reserved 1056768K
  class space    used 588K, capacity 616K, committed 640K, reserved 1048576K
Event: 6.216 GC heap after
Heap after GC invocations=24 (full 0):
 PSYoungGen      total 90112K, used 17637K [0x00000000eab00000, 0x00000000f1f80000, 0x0000000100000000)
  eden space 65536K, 0% used [0x00000000eab00000,0x00000000eab00000,0x00000000eeb00000)
  from space 24576K, 71% used [0x00000000f0480000,0x00000000f15b9790,0x00000000f1c80000)
  to   space 26112K, 0% used [0x00000000eeb00000,0x00000000eeb00000,0x00000000f0480000)
 ParOldGen       total 129536K, used 107363K [0x00000000c0000000, 0x00000000c7e80000, 0x00000000eab00000)
  object space 129536K, 82% used [0x00000000c0000000,0x00000000c68d8ed0,0x00000000c7e80000)
 Metaspace       used 5798K, capacity 6832K, committed 7040K, reserved 1056768K
  class space    used 588K, capacity 616K, committed 640K, reserved 1048576K
}
Event: 6.962 GC heap before
{Heap before GC invocations=25 (full 0):
 PSYoungGen      total 90112K, used 83173K [0x00000000eab00000, 0x00000000f1f80000, 0x0000000100000000)
  eden space 65536K, 100% used [0x00000000eab00000,0x00000000eeb00000,0x00000000eeb00000)
  from space 24576K, 71% used [0x00000000f0480000,0x00000000f15b9790,0x00000000f1c80000)
  to   space 26112K, 0% used [0x00000000eeb00000,0x00000000eeb00000,0x00000000f0480000)
 ParOldGen       total 129536K, used 107363K [0x00000000c0000000, 0x00000000c7e80000, 0x00000000eab00000)
  object space 129536K, 82% used [0x00000000c0000000,0x00000000c68d8ed0,0x00000000c7e80000)
 Metaspace       used 5856K, capacity 6896K, committed 7040K, reserved 1056768K
  class space    used 588K, capacity 616K, committed 640K, reserved 1048576K

